['C:\\Users\\micro\\Documents\\GitHub\\Fish counting\\IIC', 'C:\\Users\\micro\\Documents\\GitHub\\Fish counting\\IIC\\code\\scripts\\cluster', 'C:\\Users\\micro\\Anaconda3\\envs\\py36\\python36.zip', 'C:\\Users\\micro\\Anaconda3\\envs\\py36\\DLLs', 'C:\\Users\\micro\\Anaconda3\\envs\\py36\\lib', 'C:\\Users\\micro\\Anaconda3\\envs\\py36', 'C:\\Users\\micro\\Anaconda3\\envs\\py36\\lib\\site-packages', 'C:\\Users\\micro\\Anaconda3\\envs\\py36\\lib\\site-packages\\win32', 'C:\\Users\\micro\\Anaconda3\\envs\\py36\\lib\\site-packages\\win32\\lib', 'C:\\Users\\micro\\Anaconda3\\envs\\py36\\lib\\site-packages\\Pythonwin']
Config: Config: -----
model_ind: 569
arch: ClusterNet5gTwoHead
opt: Adam
mode: IID
dataset: STL10
dataset_root: C:/Users/micro/Documents/GitHub/Fish counting/IIC/datasets/my_CocoStuff164k_directory
gt_k: 10
output_k_A: 70
output_k_B: 10
lamb: 1.0
lr: 0.0001
lr_schedule: []
lr_mult: 0.1
num_epochs: 2000
batch_sz: 350
num_dataloaders: 5
num_sub_heads: 5
out_root: /data/se26956/IID/
restart: False
restart_from_best: False
test_code: False
stl_leave_out_unlabelled: False
save_freq: 10
double_eval: True
head_A_first: True
head_A_epochs: 1
head_B_epochs: 1
batchnorm_track: True
select_sub_head_on_loss: False
mix_train: True
include_rgb: False
demean: False
per_img_demean: False
data_mean: []
data_std: []
crop_orig: True
rand_crop_sz: 64
input_sz: 64
fluid_warp: False
rand_crop_szs_tf: []
rot_val: 0.0
cutout: False
cutout_p: 0.5
cutout_max_box: 0.5
twohead: True
in_channels: 2
out_dir: /data/se26956/IID/569
dataloader_batch_sz: 70
output_k: 10
eval_mode: hung
----------
adding unlabelled data for STL10
(_sobel_multioutput_make_transforms) config.include_rgb: False
not using cutout
not demeaning data
not per image demeaning data
Making datasets with <class 'torchvision.datasets.stl10.STL10'> and None
Files already downloaded and verified
Files already downloaded and verified
Creating auxiliary dataloader ind 0 out of 5 time 2020-08-04 19:19:54.107633
Creating auxiliary dataloader ind 1 out of 5 time 2020-08-04 19:20:32.880515
Creating auxiliary dataloader ind 2 out of 5 time 2020-08-04 19:21:03.677923
Creating auxiliary dataloader ind 3 out of 5 time 2020-08-04 19:21:25.733728
Creating auxiliary dataloader ind 4 out of 5 time 2020-08-04 19:21:46.467328
Length of datasets vector 6
Number of batches per epoch: 1615
Files already downloaded and verified
Files already downloaded and verified
Creating auxiliary dataloader ind 0 out of 5 time 2020-08-04 19:22:30.991180
Creating auxiliary dataloader ind 1 out of 5 time 2020-08-04 19:22:45.408566
Creating auxiliary dataloader ind 2 out of 5 time 2020-08-04 19:22:58.506677
Creating auxiliary dataloader ind 3 out of 5 time 2020-08-04 19:23:12.025451
Creating auxiliary dataloader ind 4 out of 5 time 2020-08-04 19:23:26.242429
Length of datasets vector 6
Number of batches per epoch: 186
avg_pool_sz 5
semisup: False
Pre: time 2020-08-04 19:25:01.698038: 
 	test_accs: [0.10053846, 0.103923075, 0.12615384, 0.10107692, 0.12223077]
	avg: 0.11078463
	std: 0.011077285
	best: 0.12615384
	worst: 0.10053846
	best_train_sub_head: 2
	best_train_sub_head_match: [(0, 2), (1, 9), (2, 1), (3, 3), (4, 4), (5, 5), (6, 0), (7, 7), (8, 6), (9, 8)]
	train_accs: [0.10053846, 0.103923075, 0.12615384, 0.10107692, 0.12223077]

double eval: 
 	test_accs: [0.100384615, 0.13238461, 0.11915385, 0.102692306, 0.13976923]
	avg: 0.11887692
	std: 0.015639246
	best: 0.13976923
	worst: 0.100384615
	best_train_sub_head: 4
	best_train_sub_head_match: [(0, 2), (1, 9), (2, 1), (3, 0), (4, 3), (5, 8), (6, 4), (7, 5), (8, 7), (9, 6)]
	train_accs: [0.100384615, 0.13238461, 0.11915385, 0.102692306, 0.13976923]

Starting e_i: 1
